2014-08-12 01:28:56 Logout: 
2014-08-12 01:29:08 Logout: 
2014-08-12 01:29:26 Logout: 
2014-08-12 01:29:59 Logout: 
2014-08-12 01:30:01 Logout: 
2014-08-12 01:30:41 Logout: 
2014-08-12 01:30:58 Logout: 
2014-08-12 16:27:34 Logout: 
2014-08-13 01:24:38 Logout: 
2014-08-16 01:50:19 Logout: 
2014-08-16 16:08:54 Logout: 
2014-08-24 20:50:10 Logout: 
2014-08-29 01:49:17 Logout: 
2014-08-31 23:26:14 Logout: 
2014-09-01 00:42:53 Logout: 
2014-09-01 01:04:59 Logout: 
2014-09-01 01:38:30 Logout: Array
(
    [id] => 99
    [username] => jonasporto
    [created] => 2014-08-12
    [modified] => 2014-08-12
)

2014-09-04 22:29:31 Logout: 
2014-09-07 16:35:04 Logout: 
2014-09-07 16:37:22 Logout: 
2014-09-07 18:55:28 Logout: 
2014-09-07 18:55:33 Logout: 
2014-09-07 18:55:43 Logout: 
2014-09-07 18:57:19 Logout: 
2014-09-07 18:57:25 Logout: 
2014-09-07 19:01:30 Logout: 
2014-09-07 19:03:00 Logout: 
2014-09-07 19:03:34 Logout: 
2014-09-07 19:07:38 Logout: 
2014-09-07 19:07:52 Logout: 
2014-09-07 19:08:59 Logout: 
2014-09-07 19:09:12 Logout: 
2014-09-07 19:11:08 Logout: 
2014-09-07 19:11:18 Logout: 
2014-09-07 22:58:11 Logout: 
2014-09-08 01:57:13 Logout: Array
(
    [id] => 99
    [username] => jonasporto
    [profile_id] => 0
    [created] => 2014-08-12
    [modified] => 2014-08-12
    [Profile] => Array
        (
            [id] => 
            [description] => 
            [gender] => 
            [full_name] => 
            [path_to_profile_image] => 
        )

)

2014-09-08 01:57:15 Logout: 
2014-09-09 09:45:40 Logout: 
2014-09-21 23:37:40 Logout: 
2014-10-11 14:45:41 Logout: 
2014-10-11 14:45:57 Logout: 
2014-10-26 15:38:00 Logout: 
2014-10-26 15:42:59 Logout: 
2014-10-26 15:44:32 Logout: 
2014-10-26 15:47:03 Logout: 
2014-10-26 15:48:18 Logout: 
2014-10-26 15:50:31 Logout: 
2014-10-26 15:52:22 Logout: 
2014-10-26 15:54:19 Logout: 
2014-10-28 00:20:05 Logout: 
2014-10-28 00:48:10 Logout: 
2014-10-28 00:53:12 Logout: 
2014-10-29 00:51:14 Logout: 
2014-10-29 00:55:09 Logout: 
2014-10-29 01:10:26 Logout: 
2014-10-29 14:20:44 Logout: Array
(
    [0] => Array
        (
            [User] => Array
                (
                    [id] => 99
                    [username] => jonasporto
                    [password] => e918cb502b12c5e3b641449c8e43c16b3d89e706
                    [profile_id] => 0
                    [created] => 2014-08-12
                    [modified] => 2014-08-12
                )

            [EmailUser] => Array
                (
                    [id] => 31
                    [email_id] => 35
                    [user_id] => 99
                )

            [Email] => Array
                (
                    [id] => 35
                    [address] => jonasporto@mail.com
                )

        )

)

2014-10-30 01:13:58 Logout: 
2014-10-30 01:30:45 Logout: 
2014-10-30 01:38:19 Logout: 
2014-10-30 01:40:31 Logout: 
2014-10-30 01:41:23 Logout: 
2014-10-30 01:43:19 Logout: 
2014-10-30 01:44:33 Logout: 
2014-10-30 01:45:08 Logout: 
2014-10-30 01:52:03 Logout: 
2014-10-30 01:53:19 Logout: 
2014-10-30 01:54:16 Logout: 
2014-11-02 09:48:28 Logout: 
2014-11-14 17:23:47 Logout: 
2014-11-14 17:32:57 Logout: 
2014-11-16 18:52:38 Logout: 
2014-11-16 18:56:00 Logout: 
2014-11-16 18:56:12 Logout: 
2014-11-16 18:56:44 Logout: 
2014-11-16 18:56:48 Logout: 
2014-11-16 18:57:21 Logout: 
2014-11-16 18:59:44 Logout: 
2014-11-20 19:08:07 Logout: 
2014-11-20 19:17:46 Logout: 
2014-11-20 22:33:59 Logout: 
2014-12-03 15:45:47 Logout: 
