2014-08-24 21:01:52 Request: Array
(
    [User] => Array
        (
            [username] => novo
            [password] => novo
        )

    [Email] => Array
        (
            [address] => novo@mail.com
        )

)

2014-09-01 00:25:39 Request: Array
(
    [User] => Array
        (
            [username] => abcd
            [password] => abcd
        )

    [Email] => Array
        (
            [address] => abcd@mail.com
        )

)

2014-09-01 01:01:48 Request: Array
(
    [User] => Array
        (
            [username] => qwert
            [password] => qwert
        )

    [Email] => Array
        (
            [address] => qwert@qwert.com
        )

)

2014-09-06 23:14:44 Request: Array
(
    [User] => Array
        (
            [username] => jonasporto
            [password] => jonasporto
        )

    [Email] => Array
        (
            [address] => jonasporto@jp.com
        )

)

2014-09-06 23:14:54 Request: Array
(
    [User] => Array
        (
            [username] => jonasjp
            [password] => jonasporto
        )

    [Email] => Array
        (
            [address] => jonasporto@jp.com
        )

)

2014-09-09 09:46:10 Request: Array
(
    [User] => Array
        (
            [username] => teste
            [password] => teste
        )

    [Email] => Array
        (
            [address] => teste@mail.com
        )

)

2014-10-12 22:55:18 Request: Array
(
    [User] => Array
        (
            [username] => Marcela 
            [password] => some1709
        )

    [Email] => Array
        (
            [address] => Marcelasmoura@gmail.com
        )

)

2014-10-27 12:11:11 Request: Array
(
    [User] => Array
        (
            [username] => umteste
            [password] => umteste
        )

    [Email] => Array
        (
            [address] => umteste@mail.com
        )

)

2014-10-28 00:20:35 Request: Array
(
    [User] => Array
        (
            [username] => testanto
            [password] => testando
        )

    [Email] => Array
        (
            [address] => testando
        )

)

2014-10-28 00:21:31 Request: Array
(
    [User] => Array
        (
            [username] => teste01
            [password] => teste01
        )

    [Email] => Array
        (
            [address] => teste01
        )

)

2014-10-29 00:51:37 Request: Array
(
    [User] => Array
        (
            [username] => maria
            [password] => maria
        )

    [Email] => Array
        (
            [address] => maria
        )

)

2014-10-29 00:58:30 Request: Array
(
    [User] => Array
        (
            [username] => mariadb
            [password] => mariadb
        )

    [Email] => Array
        (
            [address] => mariadb
        )

)

2014-10-30 01:14:35 Request: Array
(
    [User] => Array
        (
            [username] => j
            [password] => g
        )

    [Email] => Array
        (
            [address] => h@mail.com
        )

)

2014-10-30 01:39:28 Request: Array
(
    [User] => Array
        (
            [username] => fddf
            [password] => dsadsadasdd
        )

    [Email] => Array
        (
            [address] => fdsfs@mail.com
        )

)

2014-10-30 01:52:52 Request: Array
(
    [User] => Array
        (
            [username] => hgfvj
            [password] => gghhj
        )

    [Email] => Array
        (
            [address] => ggh@mail.bu
        )

)

2014-10-30 01:55:14 Request: Array
(
    [User] => Array
        (
            [username] => vhnm
            [password] => hhhc
        )

    [Email] => Array
        (
            [address] => ghh@may.com
        )

)

2014-10-30 01:55:54 Request: Array
(
    [User] => Array
        (
            [username] => Eu
            [password] => eu
        )

    [Email] => Array
        (
            [address] => U@eu.com
        )

)

